\BOOKMARK [0][-]{chapter.1}{\376\377\000C\000o\000n\000t\000r\000o\000l\000\040\000d\000e\000\040\000v\000e\000r\000s\000i\000o\000n\000e\000s}{}% 1
\BOOKMARK [0][-]{chapter.2}{\376\377\000V\000i\000s\000i\000\363\000n}{}% 2
\BOOKMARK [1][-]{section.2.1}{\376\377\000L\000o\000g\000l\000i\000n\000e\000\040\000d\000e\000l\000\040\000j\000u\000e\000g\000o}{chapter.2}% 3
\BOOKMARK [1][-]{section.2.2}{\376\377\000S\000i\000n\000o\000p\000s\000i\000s\000\040\000d\000e\000l\000\040\000g\000a\000m\000e\000p\000l\000a\000y}{chapter.2}% 4
\BOOKMARK [0][-]{chapter.3}{\376\377\000A\000u\000d\000i\000e\000n\000c\000i\000a\000,\000\040\000P\000l\000a\000t\000a\000f\000o\000r\000m\000a\000\040\000y\000\040\000M\000a\000r\000k\000e\000t\000i\000n\000g}{}% 5
\BOOKMARK [1][-]{section.3.1}{\376\377\000P\000\372\000b\000l\000i\000c\000o\000\040\000o\000b\000j\000e\000t\000i\000v\000o}{chapter.3}% 6
\BOOKMARK [1][-]{section.3.2}{\376\377\000P\000l\000a\000t\000a\000f\000o\000r\000m\000a\000s}{chapter.3}% 7
\BOOKMARK [1][-]{section.3.3}{\376\377\000C\000o\000m\000p\000e\000t\000i\000d\000o\000r\000e\000s}{chapter.3}% 8
\BOOKMARK [2][-]{subsection.3.3.1}{\376\377\000U\000l\000t\000i\000m\000a\000t\000e\000\040\000C\000h\000i\000c\000k\000e\000n\000\040\000H\000o\000r\000s\000e}{section.3.3}% 9
\BOOKMARK [2][-]{subsection.3.3.2}{\376\377\000J\000a\000c\000k\000b\000o\000x\000\040\000P\000a\000r\000t\000y\000\040\000P\000a\000c\000k\000s}{section.3.3}% 10
\BOOKMARK [2][-]{subsection.3.3.3}{\376\377\000P\000u\000m\000m\000e\000l\000\040\000P\000a\000r\000t\000y}{section.3.3}% 11
\BOOKMARK [1][-]{section.3.4}{\376\377\000C\000o\000m\000p\000a\000r\000a\000c\000i\000\363\000n\000\040\000d\000e\000\040\000c\000a\000r\000a\000c\000t\000e\000r\000\355\000s\000t\000i\000c\000a\000s}{chapter.3}% 12
\BOOKMARK [2][-]{subsection.3.4.1}{\376\377\000U\000l\000t\000i\000m\000a\000t\000e\000\040\000C\000h\000i\000c\000k\000e\000n\000\040\000H\000o\000r\000s\000e}{section.3.4}% 13
\BOOKMARK [2][-]{subsection.3.4.2}{\376\377\000J\000a\000c\000k\000b\000o\000x\000\040\000P\000a\000r\000t\000y\000\040\000P\000a\000c\000k\000s}{section.3.4}% 14
\BOOKMARK [2][-]{subsection.3.4.3}{\376\377\000P\000u\000m\000m\000e\000l\000\040\000P\000a\000r\000t\000y}{section.3.4}% 15
\BOOKMARK [0][-]{chapter.4}{\376\377\000G\000a\000m\000e\000p\000l\000a\000y}{}% 16
\BOOKMARK [1][-]{section.4.1}{\376\377\000R\000e\000s\000u\000m\000e\000n}{chapter.4}% 17
\BOOKMARK [1][-]{section.4.2}{\376\377\000D\000e\000s\000c\000r\000i\000p\000c\000i\000\363\000n\000\040\000d\000e\000l\000\040\000g\000a\000m\000e\000p\000l\000a\000y}{chapter.4}% 18
\BOOKMARK [2][-]{subsection.4.2.1}{\376\377\000M\000o\000d\000e\000l\000o\000\040\000d\000e\000\040\000i\000n\000t\000e\000r\000a\000c\000c\000i\000\363\000n}{section.4.2}% 19
\BOOKMARK [2][-]{subsection.4.2.2}{\376\377\000O\000b\000j\000e\000t\000i\000v\000o\000s\000\040\000d\000e\000l\000\040\000j\000u\000g\000a\000d\000o\000r}{section.4.2}% 20
\BOOKMARK [2][-]{subsection.4.2.3}{\376\377\000R\000e\000t\000o\000s\000\040\000d\000e\000l\000\040\000j\000u\000g\000a\000d\000o\000r}{section.4.2}% 21
\BOOKMARK [1][-]{section.4.3}{\376\377\000M\000o\000d\000o\000s\000\040\000y\000\040\000o\000t\000r\000a\000s\000\040\000f\000u\000n\000c\000i\000o\000n\000a\000l\000i\000d\000a\000d\000e\000s}{chapter.4}% 22
\BOOKMARK [2][-]{subsection.4.3.1}{\376\377\000M\000o\000d\000o\000s}{section.4.3}% 23
\BOOKMARK [2][-]{subsection.4.3.2}{\376\377\000R\000e\000c\000u\000r\000s\000o\000s}{section.4.3}% 24
\BOOKMARK [1][-]{section.4.4}{\376\377\000C\000o\000n\000t\000r\000o\000l\000e\000s}{chapter.4}% 25
\BOOKMARK [2][-]{subsection.4.4.1}{\376\377\000A\000c\000c\000i\000o\000n\000e\000s}{section.4.4}% 26
\BOOKMARK [2][-]{subsection.4.4.2}{\376\377\000I\000n\000t\000e\000r\000a\000c\000c\000i\000o\000n\000e\000s}{section.4.4}% 27
\BOOKMARK [2][-]{subsection.4.4.3}{\376\377\000C\000o\000n\000d\000i\000c\000i\000o\000n\000e\000s\000\040\000d\000e\000\040\000v\000i\000c\000t\000o\000r\000i\000a\000/\000p\000u\000n\000t\000u\000a\000c\000i\000\363\000n}{section.4.4}% 28
\BOOKMARK [2][-]{subsection.4.4.4}{\376\377\000R\000e\000g\000l\000a\000s}{section.4.4}% 29
\BOOKMARK [1][-]{section.4.5}{\376\377\000N\000i\000v\000e\000l\000e\000s}{chapter.4}% 30
\BOOKMARK [0][-]{chapter.5}{\376\377\000P\000e\000r\000s\000o\000n\000a\000j\000e\000s\000\040\000d\000e\000\040\000j\000u\000e\000g\000o}{}% 31
\BOOKMARK [1][-]{section.5.1}{\376\377\000T\000i\000p\000o\000s}{chapter.5}% 32
\BOOKMARK [2][-]{subsection.5.1.1}{\376\377\000P\000C\000s}{section.5.1}% 33
\BOOKMARK [2][-]{subsection.5.1.2}{\376\377\000N\000P\000C\000s}{section.5.1}% 34
\BOOKMARK [1][-]{section.5.2}{\376\377\000D\000e\000s\000c\000r\000i\000p\000c\000i\000\363\000n\000\040\000d\000e\000\040\000p\000e\000r\000s\000o\000n\000a\000j\000e\000s}{chapter.5}% 35
\BOOKMARK [2][-]{subsection.5.2.1}{\376\377\000P\000e\000r\000s\000o\000n\000a\000j\000e\000s}{section.5.2}% 36
\BOOKMARK [2][-]{subsection.5.2.2}{\376\377\000M\000o\000n\000s\000t\000r\000u\000o\000s}{section.5.2}% 37
\BOOKMARK [2][-]{subsection.5.2.3}{\376\377\000J\000e\000f\000e\000s}{section.5.2}% 38
\BOOKMARK [2][-]{subsection.5.2.4}{\376\377\000V\000e\000n\000d\000e\000d\000o\000r\000e\000s}{section.5.2}% 39
\BOOKMARK [2][-]{subsection.5.2.5}{\376\377\000V\000i\000s\000u\000a\000l\000i\000z\000a\000d\000o\000r}{section.5.2}% 40
\BOOKMARK [0][-]{chapter.6}{\376\377\000O\000t\000r\000o\000s\000\040\000e\000l\000e\000m\000e\000n\000t\000o\000s\000\040\000d\000e\000\040\000j\000u\000e\000g\000o}{}% 41
\BOOKMARK [1][-]{section.6.1}{\376\377\000T\000i\000p\000o\000s}{chapter.6}% 42
\BOOKMARK [1][-]{section.6.2}{\376\377\000D\000e\000s\000c\000r\000i\000p\000c\000i\000\363\000n\000\040\000d\000e\000\040\000e\000l\000e\000m\000e\000n\000t\000o\000s}{chapter.6}% 43
\BOOKMARK [2][-]{subsection.6.2.1}{\376\377\000O\000b\000j\000e\000t\000o\000s\000\040\000m\000\341\000g\000i\000c\000o\000s}{section.6.2}% 44
\BOOKMARK [2][-]{subsection.6.2.2}{\376\377\000O\000b\000j\000e\000t\000o\000s\000\040\000r\000e\000c\000u\000r\000s\000o\000s}{section.6.2}% 45
\BOOKMARK [2][-]{subsection.6.2.3}{\376\377\000P\000l\000a\000t\000a\000f\000o\000r\000m\000a\000s}{section.6.2}% 46
\BOOKMARK [2][-]{subsection.6.2.4}{\376\377\000T\000r\000a\000m\000p\000a\000s}{section.6.2}% 47
\BOOKMARK [0][-]{chapter*.45}{\376\377\000R\000e\000f\000e\000r\000e\000n\000c\000i\000a\000s}{}% 48
